<component name="libraryTable">
  <library name="junit-platform-console-standalone-1.8.0-M1">
    <CLASSES>
      <root url="jar://$PROJECT_DIR$/sof2/VectorTests/lib/junit-platform-console-standalone-1.8.0-M1.jar!/" />
    </CLASSES>
    <JAVADOC />
    <SOURCES />
  </library>
</component>